<?xml version="1.0" encoding="UTF-8"?>
<!-- Generated by org.testng.reporters.JUnitXMLReporter -->
<testsuite ignored="0" hostname="DESKTOP-CVSSBQ4" failures="0" tests="37" name="Report Test" time="110.101" errors="0" timestamp="2022-02-09T20:20:51 PKT">
  <testcase classname="commerce_service.Createuser" name="create_local_user" time="3.169"/>
  <testcase classname="commerce_service.Login" name="login_user" time="5.431"/>
  <testcase classname="commerce_service.Login" name="login_user" time="5.007"/>
  <testcase classname="commerce_service.Userdetail" name="get_detail" time="1.932"/>
  <testcase classname="commerce_service.Login" name="login_user" time="4.507"/>
  <testcase classname="commerce_service.Createaddress" name="create_address" time="1.885"/>
  <testcase classname="commerce_service.Login" name="login_user" time="4.668"/>
  <testcase classname="commerce_service.Resetpasword" name="reset_password" time="2.147"/>
  <testcase classname="commerce_service.Login" name="login_user" time="5.229"/>
  <testcase classname="commerce_service.Createaddress" name="create_address" time="1.643"/>
  <testcase classname="commerce_service.Updateaddress" name="update_address" time="1.723"/>
  <testcase classname="commerce_service.Login" name="login_user" time="4.815"/>
  <testcase classname="commerce_service.Createaddress" name="create_address" time="0.823"/>
  <testcase classname="commerce_service.Addressbyid" name="get_addressby_id" time="1.009"/>
  <testcase classname="commerce_service.Login" name="login_user" time="3.998"/>
  <testcase classname="commerce_service.Getaddressofalluser" name="address_of_alluser" time="1.736"/>
  <testcase classname="commerce_service.Login" name="login_user" time="3.998"/>
  <testcase classname="commerce_service.Createaddress" name="create_address" time="1.432"/>
  <testcase classname="commerce_service.Setuserdefaultaddress" name="set_address" time="1.732"/>
  <testcase classname="commerce_service.Login" name="login_user" time="5.329"/>
  <testcase classname="commerce_service.Createaddress" name="create_address" time="1.544"/>
  <testcase classname="commerce_service.Unsetuserdefaultaddress" name="unset_address" time="1.828"/>
  <testcase classname="commerce_service.Login" name="login_user" time="4.821"/>
  <testcase classname="commerce_service.Createaddress" name="create_address" time="1.49"/>
  <testcase classname="commerce_service.Deleteaddress" name="del_address" time="1.494"/>
  <testcase classname="commerce_service.Login" name="login_user" time="4.282"/>
  <testcase classname="commerce_service.Refreshtoken" name="token_refresh" time="1.219"/>
  <testcase classname="commerce_service.Login" name="login_user" time="4.614"/>
  <testcase classname="commerce_service.Createguestuser" name="guest_user" time="1.608"/>
  <testcase classname="commerce_service.Login" name="login_user" time="3.822"/>
  <testcase classname="commerce_service.Resetpasswordtoken" name="reset_password_token" time="2.034"/>
  <testcase classname="commerce_service.Login" name="login_user" time="4.716"/>
  <testcase classname="commerce_service.Updateuser" name="update_user" time="1.735"/>
  <testcase classname="commerce_service.Login" name="login_user" time="3.69"/>
  <testcase classname="commerce_service.Changepassword" name="change_password" time="2.407"/>
  <testcase classname="commerce_service.Login" name="login_user" time="4.763"/>
  <testcase classname="commerce_service.Updateusername" name="update_name" time="1.749"/>
</testsuite> <!-- Report Test -->
