<?xml version="1.0" encoding="UTF-8"?>
<!-- Generated by org.testng.reporters.JUnitXMLReporter -->
<testsuite ignored="0" hostname="DESKTOP-CVSSBQ4" failures="0" tests="37" name="Comerce Service" time="105.01" errors="0" timestamp="2022-02-07T15:18:58 PKT">
  <testcase classname="commerce_service.Createuser" name="create_local_user" time="2.928"/>
  <testcase classname="commerce_service.Login" name="login_user" time="5.235"/>
  <testcase classname="commerce_service.Login" name="login_user" time="4.888"/>
  <testcase classname="commerce_service.Userdetail" name="get_detail" time="1.889"/>
  <testcase classname="commerce_service.Login" name="login_user" time="4.69"/>
  <testcase classname="commerce_service.Createaddress" name="create_address" time="1.872"/>
  <testcase classname="commerce_service.Login" name="login_user" time="4.125"/>
  <testcase classname="commerce_service.Resetpasword" name="reset_password" time="2.021"/>
  <testcase classname="commerce_service.Login" name="login_user" time="4.155"/>
  <testcase classname="commerce_service.Createaddress" name="create_address" time="0.96"/>
  <testcase classname="commerce_service.Updateaddress" name="update_address" time="1.644"/>
  <testcase classname="commerce_service.Login" name="login_user" time="4.188"/>
  <testcase classname="commerce_service.Createaddress" name="create_address" time="1.792"/>
  <testcase classname="commerce_service.Addressbyid" name="get_addressby_id" time="1.629"/>
  <testcase classname="commerce_service.Login" name="login_user" time="4.696"/>
  <testcase classname="commerce_service.Getaddressofalluser" name="address_of_alluser" time="0.995"/>
  <testcase classname="commerce_service.Login" name="login_user" time="4.322"/>
  <testcase classname="commerce_service.Createaddress" name="create_address" time="1.656"/>
  <testcase classname="commerce_service.Setuserdefaultaddress" name="set_address" time="0.918"/>
  <testcase classname="commerce_service.Login" name="login_user" time="4.587"/>
  <testcase classname="commerce_service.Createaddress" name="create_address" time="1.734"/>
  <testcase classname="commerce_service.Unsetuserdefaultaddress" name="unset_address" time="1.974"/>
  <testcase classname="commerce_service.Login" name="login_user" time="4.751"/>
  <testcase classname="commerce_service.Createaddress" name="create_address" time="1.506"/>
  <testcase classname="commerce_service.Deleteaddress" name="del_address" time="0.769"/>
  <testcase classname="commerce_service.Login" name="login_user" time="4.615"/>
  <testcase classname="commerce_service.Refreshtoken" name="token_refresh" time="1.419"/>
  <testcase classname="commerce_service.Login" name="login_user" time="3.987"/>
  <testcase classname="commerce_service.Createguestuser" name="guest_user" time="1.605"/>
  <testcase classname="commerce_service.Login" name="login_user" time="3.84"/>
  <testcase classname="commerce_service.Resetpasswordtoken" name="reset_password_token" time="1.826"/>
  <testcase classname="commerce_service.Login" name="login_user" time="4.514"/>
  <testcase classname="commerce_service.Updateuser" name="update_user" time="1.614"/>
  <testcase classname="commerce_service.Login" name="login_user" time="2.597"/>
  <testcase classname="commerce_service.Changepassword" name="change_password" time="2.424"/>
  <testcase classname="commerce_service.Login" name="login_user" time="4.892"/>
  <testcase classname="commerce_service.Updateusername" name="update_name" time="1.632"/>
</testsuite> <!-- Comerce Service -->
