<?xml version="1.0" encoding="UTF-8"?>
<testng-results ignored="0" total="37" passed="37" failed="0" skipped="0">
  <reporter-output>
  </reporter-output>
  <suite started-at="2022-02-09T20:19:00 PKT" name="API&#039;S Suite" finished-at="2022-02-09T20:20:51 PKT" duration-ms="110101">
    <groups>
    </groups>
    <test started-at="2022-02-09T20:19:00 PKT" name="Report Test" finished-at="2022-02-09T20:20:51 PKT" duration-ms="110101">
      <class name="commerce_service.Updateusername">
        <test-method signature="login_user()[pri:1, instance:commerce_service.Updateusername@233795b6]" started-at="2022-02-09T20:20:44 PKT" name="login_user" finished-at="2022-02-09T20:20:49 PKT" duration-ms="4763" status="PASS">
          <reporter-output>
          </reporter-output>
        </test-method> <!-- login_user -->
        <test-method signature="update_name()[pri:16, instance:commerce_service.Updateusername@233795b6]" started-at="2022-02-09T20:20:49 PKT" name="update_name" finished-at="2022-02-09T20:20:51 PKT" duration-ms="1749" status="PASS">
          <reporter-output>
          </reporter-output>
        </test-method> <!-- update_name -->
      </class> <!-- commerce_service.Updateusername -->
      <class name="commerce_service.Resetpasswordtoken">
        <test-method signature="login_user()[pri:1, instance:commerce_service.Resetpasswordtoken@477b4cdf]" started-at="2022-02-09T20:20:26 PKT" name="login_user" finished-at="2022-02-09T20:20:29 PKT" duration-ms="3822" status="PASS">
          <reporter-output>
          </reporter-output>
        </test-method> <!-- login_user -->
        <test-method signature="reset_password_token()[pri:14, instance:commerce_service.Resetpasswordtoken@477b4cdf]" started-at="2022-02-09T20:20:29 PKT" name="reset_password_token" finished-at="2022-02-09T20:20:32 PKT" duration-ms="2034" status="PASS">
          <reporter-output>
          </reporter-output>
        </test-method> <!-- reset_password_token -->
      </class> <!-- commerce_service.Resetpasswordtoken -->
      <class name="commerce_service.Unsetuserdefaultaddress">
        <test-method signature="login_user()[pri:1, instance:commerce_service.Unsetuserdefaultaddress@31190526]" started-at="2022-02-09T20:19:57 PKT" name="login_user" finished-at="2022-02-09T20:20:03 PKT" duration-ms="5329" status="PASS">
          <reporter-output>
          </reporter-output>
        </test-method> <!-- login_user -->
        <test-method signature="create_address()[pri:4, instance:commerce_service.Unsetuserdefaultaddress@31190526]" started-at="2022-02-09T20:20:03 PKT" name="create_address" finished-at="2022-02-09T20:20:04 PKT" duration-ms="1544" status="PASS">
          <reporter-output>
          </reporter-output>
        </test-method> <!-- create_address -->
        <test-method signature="unset_address()[pri:9, instance:commerce_service.Unsetuserdefaultaddress@31190526]" started-at="2022-02-09T20:20:04 PKT" name="unset_address" finished-at="2022-02-09T20:20:06 PKT" duration-ms="1828" status="PASS">
          <reporter-output>
          </reporter-output>
        </test-method> <!-- unset_address -->
      </class> <!-- commerce_service.Unsetuserdefaultaddress -->
      <class name="commerce_service.Updateuser">
        <test-method signature="login_user()[pri:1, instance:commerce_service.Updateuser@77c2494c]" started-at="2022-02-09T20:20:32 PKT" name="login_user" finished-at="2022-02-09T20:20:36 PKT" duration-ms="4716" status="PASS">
          <reporter-output>
          </reporter-output>
        </test-method> <!-- login_user -->
        <test-method signature="update_user()[pri:13, instance:commerce_service.Updateuser@77c2494c]" started-at="2022-02-09T20:20:36 PKT" name="update_user" finished-at="2022-02-09T20:20:38 PKT" duration-ms="1735" status="PASS">
          <reporter-output>
          </reporter-output>
        </test-method> <!-- update_user -->
      </class> <!-- commerce_service.Updateuser -->
      <class name="commerce_service.Setuserdefaultaddress">
        <test-method signature="login_user()[pri:1, instance:commerce_service.Setuserdefaultaddress@229f66ed]" started-at="2022-02-09T20:19:50 PKT" name="login_user" finished-at="2022-02-09T20:19:54 PKT" duration-ms="3998" status="PASS">
          <reporter-output>
          </reporter-output>
        </test-method> <!-- login_user -->
        <test-method signature="create_address()[pri:4, instance:commerce_service.Setuserdefaultaddress@229f66ed]" started-at="2022-02-09T20:19:54 PKT" name="create_address" finished-at="2022-02-09T20:19:56 PKT" duration-ms="1432" status="PASS">
          <reporter-output>
          </reporter-output>
        </test-method> <!-- create_address -->
        <test-method signature="set_address()[pri:8, instance:commerce_service.Setuserdefaultaddress@229f66ed]" started-at="2022-02-09T20:19:56 PKT" name="set_address" finished-at="2022-02-09T20:19:57 PKT" duration-ms="1732" status="PASS">
          <reporter-output>
          </reporter-output>
        </test-method> <!-- set_address -->
      </class> <!-- commerce_service.Setuserdefaultaddress -->
      <class name="commerce_service.Updateaddress">
        <test-method signature="login_user()[pri:1, instance:commerce_service.Updateaddress@682b2fa]" started-at="2022-02-09T20:19:29 PKT" name="login_user" finished-at="2022-02-09T20:19:34 PKT" duration-ms="5229" status="PASS">
          <reporter-output>
          </reporter-output>
        </test-method> <!-- login_user -->
        <test-method signature="create_address()[pri:4, instance:commerce_service.Updateaddress@682b2fa]" started-at="2022-02-09T20:19:34 PKT" name="create_address" finished-at="2022-02-09T20:19:36 PKT" duration-ms="1643" status="PASS">
          <reporter-output>
          </reporter-output>
        </test-method> <!-- create_address -->
        <test-method signature="update_address()[pri:5, instance:commerce_service.Updateaddress@682b2fa]" started-at="2022-02-09T20:19:36 PKT" name="update_address" finished-at="2022-02-09T20:19:38 PKT" duration-ms="1723" status="PASS">
          <reporter-output>
          </reporter-output>
        </test-method> <!-- update_address -->
      </class> <!-- commerce_service.Updateaddress -->
      <class name="commerce_service.Addressbyid">
        <test-method signature="login_user()[pri:1, instance:commerce_service.Addressbyid@217ed35e]" started-at="2022-02-09T20:19:38 PKT" name="login_user" finished-at="2022-02-09T20:19:43 PKT" duration-ms="4815" status="PASS">
          <reporter-output>
          </reporter-output>
        </test-method> <!-- login_user -->
        <test-method signature="create_address()[pri:4, instance:commerce_service.Addressbyid@217ed35e]" started-at="2022-02-09T20:19:43 PKT" name="create_address" finished-at="2022-02-09T20:19:44 PKT" duration-ms="823" status="PASS">
          <reporter-output>
          </reporter-output>
        </test-method> <!-- create_address -->
        <test-method signature="get_addressby_id()[pri:6, instance:commerce_service.Addressbyid@217ed35e]" started-at="2022-02-09T20:19:44 PKT" name="get_addressby_id" finished-at="2022-02-09T20:19:45 PKT" duration-ms="1009" status="PASS">
          <reporter-output>
          </reporter-output>
        </test-method> <!-- get_addressby_id -->
      </class> <!-- commerce_service.Addressbyid -->
      <class name="commerce_service.Login">
        <test-method signature="login_user()[pri:1, instance:commerce_service.Login@5aa9e4eb]" started-at="2022-02-09T20:19:04 PKT" name="login_user" finished-at="2022-02-09T20:19:09 PKT" duration-ms="5431" status="PASS">
          <reporter-output>
          </reporter-output>
        </test-method> <!-- login_user -->
      </class> <!-- commerce_service.Login -->
      <class name="commerce_service.Createaddress">
        <test-method signature="login_user()[pri:1, instance:commerce_service.Createaddress@385c9627]" started-at="2022-02-09T20:19:16 PKT" name="login_user" finished-at="2022-02-09T20:19:21 PKT" duration-ms="4507" status="PASS">
          <reporter-output>
          </reporter-output>
        </test-method> <!-- login_user -->
        <test-method signature="create_address()[pri:4, instance:commerce_service.Createaddress@385c9627]" started-at="2022-02-09T20:19:21 PKT" name="create_address" finished-at="2022-02-09T20:19:22 PKT" duration-ms="1885" status="PASS">
          <reporter-output>
          </reporter-output>
        </test-method> <!-- create_address -->
      </class> <!-- commerce_service.Createaddress -->
      <class name="commerce_service.Createguestuser">
        <test-method signature="login_user()[pri:1, instance:commerce_service.Createguestuser@3eb25e1a]" started-at="2022-02-09T20:20:19 PKT" name="login_user" finished-at="2022-02-09T20:20:24 PKT" duration-ms="4614" status="PASS">
          <reporter-output>
          </reporter-output>
        </test-method> <!-- login_user -->
        <test-method signature="guest_user()[pri:12, instance:commerce_service.Createguestuser@3eb25e1a]" started-at="2022-02-09T20:20:24 PKT" name="guest_user" finished-at="2022-02-09T20:20:26 PKT" duration-ms="1608" status="PASS">
          <reporter-output>
          </reporter-output>
        </test-method> <!-- guest_user -->
      </class> <!-- commerce_service.Createguestuser -->
      <class name="commerce_service.Createuser">
        <test-method signature="create_local_user()[pri:0, instance:commerce_service.Createuser@5542c4ed]" started-at="2022-02-09T20:19:00 PKT" name="create_local_user" finished-at="2022-02-09T20:19:04 PKT" duration-ms="3169" status="PASS">
          <reporter-output>
          </reporter-output>
        </test-method> <!-- create_local_user -->
      </class> <!-- commerce_service.Createuser -->
      <class name="commerce_service.Refreshtoken">
        <test-method signature="login_user()[pri:1, instance:commerce_service.Refreshtoken@6743e411]" started-at="2022-02-09T20:20:14 PKT" name="login_user" finished-at="2022-02-09T20:20:18 PKT" duration-ms="4282" status="PASS">
          <reporter-output>
          </reporter-output>
        </test-method> <!-- login_user -->
        <test-method signature="token_refresh()[pri:11, instance:commerce_service.Refreshtoken@6743e411]" started-at="2022-02-09T20:20:18 PKT" name="token_refresh" finished-at="2022-02-09T20:20:19 PKT" duration-ms="1219" status="PASS">
          <reporter-output>
          </reporter-output>
        </test-method> <!-- token_refresh -->
      </class> <!-- commerce_service.Refreshtoken -->
      <class name="commerce_service.Getaddressofalluser">
        <test-method signature="login_user()[pri:1, instance:commerce_service.Getaddressofalluser@7dcf94f8]" started-at="2022-02-09T20:19:45 PKT" name="login_user" finished-at="2022-02-09T20:19:49 PKT" duration-ms="3998" status="PASS">
          <reporter-output>
          </reporter-output>
        </test-method> <!-- login_user -->
        <test-method signature="address_of_alluser()[pri:7, instance:commerce_service.Getaddressofalluser@7dcf94f8]" started-at="2022-02-09T20:19:49 PKT" name="address_of_alluser" finished-at="2022-02-09T20:19:50 PKT" duration-ms="1736" status="PASS">
          <reporter-output>
          </reporter-output>
        </test-method> <!-- address_of_alluser -->
      </class> <!-- commerce_service.Getaddressofalluser -->
      <class name="commerce_service.Changepassword">
        <test-method signature="login_user()[pri:1, instance:commerce_service.Changepassword@f5958c9]" started-at="2022-02-09T20:20:38 PKT" name="login_user" finished-at="2022-02-09T20:20:42 PKT" duration-ms="3690" status="PASS">
          <reporter-output>
          </reporter-output>
        </test-method> <!-- login_user -->
        <test-method signature="change_password()[pri:15, instance:commerce_service.Changepassword@f5958c9]" started-at="2022-02-09T20:20:42 PKT" name="change_password" finished-at="2022-02-09T20:20:44 PKT" duration-ms="2407" status="PASS">
          <reporter-output>
          </reporter-output>
        </test-method> <!-- change_password -->
      </class> <!-- commerce_service.Changepassword -->
      <class name="commerce_service.Resetpasword">
        <test-method signature="login_user()[pri:1, instance:commerce_service.Resetpasword@139982de]" started-at="2022-02-09T20:19:22 PKT" name="login_user" finished-at="2022-02-09T20:19:27 PKT" duration-ms="4668" status="PASS">
          <reporter-output>
          </reporter-output>
        </test-method> <!-- login_user -->
        <test-method signature="reset_password()[pri:2, instance:commerce_service.Resetpasword@139982de]" started-at="2022-02-09T20:19:27 PKT" name="reset_password" finished-at="2022-02-09T20:19:29 PKT" duration-ms="2147" status="PASS">
          <reporter-output>
          </reporter-output>
        </test-method> <!-- reset_password -->
      </class> <!-- commerce_service.Resetpasword -->
      <class name="commerce_service.Deleteaddress">
        <test-method signature="login_user()[pri:1, instance:commerce_service.Deleteaddress@662ac478]" started-at="2022-02-09T20:20:06 PKT" name="login_user" finished-at="2022-02-09T20:20:11 PKT" duration-ms="4821" status="PASS">
          <reporter-output>
          </reporter-output>
        </test-method> <!-- login_user -->
        <test-method signature="create_address()[pri:4, instance:commerce_service.Deleteaddress@662ac478]" started-at="2022-02-09T20:20:11 PKT" name="create_address" finished-at="2022-02-09T20:20:12 PKT" duration-ms="1490" status="PASS">
          <reporter-output>
          </reporter-output>
        </test-method> <!-- create_address -->
        <test-method signature="del_address()[pri:10, instance:commerce_service.Deleteaddress@662ac478]" started-at="2022-02-09T20:20:12 PKT" name="del_address" finished-at="2022-02-09T20:20:14 PKT" duration-ms="1494" status="PASS">
          <reporter-output>
          </reporter-output>
        </test-method> <!-- del_address -->
      </class> <!-- commerce_service.Deleteaddress -->
      <class name="commerce_service.Userdetail">
        <test-method signature="login_user()[pri:1, instance:commerce_service.Userdetail@6989da5e]" started-at="2022-02-09T20:19:09 PKT" name="login_user" finished-at="2022-02-09T20:19:14 PKT" duration-ms="5007" status="PASS">
          <reporter-output>
          </reporter-output>
        </test-method> <!-- login_user -->
        <test-method signature="get_detail()[pri:3, instance:commerce_service.Userdetail@6989da5e]" started-at="2022-02-09T20:19:14 PKT" name="get_detail" finished-at="2022-02-09T20:19:16 PKT" duration-ms="1932" status="PASS">
          <reporter-output>
          </reporter-output>
        </test-method> <!-- get_detail -->
      </class> <!-- commerce_service.Userdetail -->
    </test> <!-- Report Test -->
  </suite> <!-- API'S Suite -->
</testng-results>
