<?xml version="1.0" encoding="UTF-8"?>
<!-- Generated by org.testng.reporters.JUnitXMLReporter -->
<testsuite ignored="0" hostname="DESKTOP-CVSSBQ4" failures="0" tests="35" name="Test Basics 1" time="84.305" errors="0" timestamp="2022-02-06T11:19:04 PKT">
  <testcase classname="commerce_service.Createuser" name="create_local_user" time="2.989"/>
  <testcase classname="commerce_service.Login" name="login_user" time="4.783"/>
  <testcase classname="commerce_service.Login" name="login_user" time="3.407"/>
  <testcase classname="commerce_service.Userdetail" name="get_detail" time="3.845"/>
  <testcase classname="commerce_service.Login" name="login_user" time="4.025"/>
  <testcase classname="commerce_service.Createaddress" name="create_address" time="1.774"/>
  <testcase classname="commerce_service.Login" name="login_user" time="4.053"/>
  <testcase classname="commerce_service.Resetpasword" name="reset_password" time="1.421"/>
  <testcase classname="commerce_service.Login" name="login_user" time="3.875"/>
  <testcase classname="commerce_service.Createaddress" name="create_address" time="0.809"/>
  <testcase classname="commerce_service.Updateaddress" name="update_address" time="1.414"/>
  <testcase classname="commerce_service.Login" name="login_user" time="3.214"/>
  <testcase classname="commerce_service.Createaddress" name="create_address" time="0.678"/>
  <testcase classname="commerce_service.Addressbyid" name="get_addressby_id" time="1.353"/>
  <testcase classname="commerce_service.Login" name="login_user" time="3.743"/>
  <testcase classname="commerce_service.Getaddressofalluser" name="address_of_alluser" time="1.367"/>
  <testcase classname="commerce_service.Login" name="login_user" time="3.761"/>
  <testcase classname="commerce_service.Createaddress" name="create_address" time="1.248"/>
  <testcase classname="commerce_service.Setuserdefaultaddress" name="set_address" time="1.619"/>
  <testcase classname="commerce_service.Login" name="login_user" time="3.862"/>
  <testcase classname="commerce_service.Createaddress" name="create_address" time="1.319"/>
  <testcase classname="commerce_service.Unsetuserdefaultaddress" name="unset_address" time="1.331"/>
  <testcase classname="commerce_service.Login" name="login_user" time="2.6"/>
  <testcase classname="commerce_service.Createaddress" name="create_address" time="1.296"/>
  <testcase classname="commerce_service.Deleteaddress" name="del_address" time="0.529"/>
  <testcase classname="commerce_service.Login" name="login_user" time="3.48"/>
  <testcase classname="commerce_service.Refreshtoken" name="token_refresh" time="0.859"/>
  <testcase classname="commerce_service.Login" name="login_user" time="2.171"/>
  <testcase classname="commerce_service.Createguestuser" name="guest_user" time="1.336"/>
  <testcase classname="commerce_service.Login" name="login_user" time="3.897"/>
  <testcase classname="commerce_service.Changepassword" name="change_password" time="1.734"/>
  <testcase classname="commerce_service.Login" name="login_user" time="3.208"/>
  <testcase classname="commerce_service.Resetpasswordtoken" name="reset_password_token" time="1.749"/>
  <testcase classname="commerce_service.Login" name="login_user" time="3.957"/>
  <testcase classname="commerce_service.Updateusername" name="update_name" time="1.538"/>
</testsuite> <!-- Test Basics 1 -->
